14:06:27.018623 Videos import/update started in silent mode
14:06:27.018672 Categories taxonomy: category; Tags taxonomy: post_tag; Models taxonomy: -; Sources taxonomy: kvs_source
14:06:27.018692 Filter applied on categories: Pop Music, Metal Music
14:06:27.018702 Feed locale set: all
14:06:27.018710 Batch limit set: 0
14:06:27.018716 Last video ID: 1029
14:06:27.018858 Retrieving videos feed: https://www.kvs-demo.com/admin/feeds/test/?feed_format=json&sorting=video_id+asc&start=1030&screenshot_format=320x180
14:06:27.867393 Empty videos feed returned
14:06:27.887478 Feed processing finished
14:06:28.058180 Videos import/update started in silent mode
14:06:28.058978 Categories taxonomy: category; Tags taxonomy: post_tag; Models taxonomy: -; Sources taxonomy: kvs_source
14:06:28.059045 Filter applied on categories: Pop Music, Metal Music
14:06:28.059065 Feed locale set: all
14:06:28.059080 Batch limit set: 0
14:06:28.059093 Last video ID: 1029
14:06:28.059148 Retrieving videos feed: https://www.kvs-demo.com/admin/feeds/test/?feed_format=json&sorting=video_id+asc&start=1030&screenshot_format=320x180
14:06:28.566057 Empty videos feed returned
14:06:28.586171 Feed processing finished
14:06:29.067356 Videos import/update started in silent mode
14:06:29.068381 Categories taxonomy: category; Tags taxonomy: post_tag; Models taxonomy: -; Sources taxonomy: kvs_source
14:06:29.068415 Filter applied on categories: Pop Music, Metal Music
14:06:29.068425 Feed locale set: all
14:06:29.068433 Batch limit set: 0
14:06:29.068440 Last video ID: 1029
14:06:29.068474 Retrieving videos feed: https://www.kvs-demo.com/admin/feeds/test/?feed_format=json&sorting=video_id+asc&start=1030&screenshot_format=320x180
14:06:29.279170 Empty videos feed returned
14:06:29.300535 Feed processing finished
14:06:30.136579 Videos import/update started in silent mode
14:06:30.137596 Categories taxonomy: category; Tags taxonomy: post_tag; Models taxonomy: -; Sources taxonomy: kvs_source
14:06:30.137634 Filter applied on categories: Pop Music, Metal Music
14:06:30.137646 Feed locale set: all
14:06:30.137655 Batch limit set: 0
14:06:30.137662 Last video ID: 1029
14:06:30.137706 Retrieving videos feed: https://www.kvs-demo.com/admin/feeds/test/?feed_format=json&sorting=video_id+asc&start=1030&screenshot_format=320x180
14:06:30.805634 Empty videos feed returned
14:06:30.824052 Feed processing finished
14:06:31.139038 Videos import/update started in silent mode
14:06:31.139814 Categories taxonomy: category; Tags taxonomy: post_tag; Models taxonomy: -; Sources taxonomy: kvs_source
14:06:31.139859 Filter applied on categories: Pop Music, Metal Music
14:06:31.139874 Feed locale set: all
14:06:31.139886 Batch limit set: 0
14:06:31.139896 Last video ID: 1029
14:06:31.139943 Retrieving videos feed: https://www.kvs-demo.com/admin/feeds/test/?feed_format=json&sorting=video_id+asc&start=1030&screenshot_format=320x180
14:06:31.471017 Empty videos feed returned
14:06:31.492004 Feed processing finished
14:06:32.163386 Videos import/update started in silent mode
14:06:32.164305 Categories taxonomy: category; Tags taxonomy: post_tag; Models taxonomy: -; Sources taxonomy: kvs_source
14:06:32.164338 Filter applied on categories: Pop Music, Metal Music
14:06:32.164349 Feed locale set: all
14:06:32.164358 Batch limit set: 0
14:06:32.164365 Last video ID: 1029
14:06:32.164424 Retrieving videos feed: https://www.kvs-demo.com/admin/feeds/test/?feed_format=json&sorting=video_id+asc&start=1030&screenshot_format=320x180
14:06:32.100953 Empty videos feed returned
14:06:32.123514 Feed processing finished
14:06:33.189420 Videos import/update started in silent mode
14:06:33.190607 Categories taxonomy: category; Tags taxonomy: post_tag; Models taxonomy: -; Sources taxonomy: kvs_source
14:06:33.190676 Filter applied on categories: Pop Music, Metal Music
14:06:33.190692 Feed locale set: all
14:06:33.190703 Batch limit set: 0
14:06:33.190711 Last video ID: 1029
14:06:33.190770 Retrieving videos feed: https://www.kvs-demo.com/admin/feeds/test/?feed_format=json&sorting=video_id+asc&start=1030&screenshot_format=320x180
14:06:33.602245 Empty videos feed returned
14:06:33.624975 Feed processing finished
14:06:34.198994 Videos import/update started in silent mode
14:06:34.199968 Categories taxonomy: category; Tags taxonomy: post_tag; Models taxonomy: -; Sources taxonomy: kvs_source
14:06:34.200007 Filter applied on categories: Pop Music, Metal Music
14:06:34.200018 Feed locale set: all
14:06:34.200028 Batch limit set: 0
14:06:34.200045 Last video ID: 1029
14:06:34.200113 Retrieving videos feed: https://www.kvs-demo.com/admin/feeds/test/?feed_format=json&sorting=video_id+asc&start=1030&screenshot_format=320x180
14:06:34.423109 Empty videos feed returned
14:06:34.442865 Feed processing finished
14:06:35.238910 Videos import/update started in silent mode
14:06:35.239835 Categories taxonomy: category; Tags taxonomy: post_tag; Models taxonomy: -; Sources taxonomy: kvs_source
14:06:35.239873 Filter applied on categories: Pop Music, Metal Music
14:06:35.239884 Feed locale set: all
14:06:35.239892 Batch limit set: 0
14:06:35.239898 Last video ID: 1029
14:06:35.239935 Retrieving videos feed: https://www.kvs-demo.com/admin/feeds/test/?feed_format=json&sorting=video_id+asc&start=1030&screenshot_format=320x180
14:06:35.699300 Empty videos feed returned
14:06:35.718347 Feed processing finished
14:06:36.261449 Videos import/update started in silent mode
14:06:36.262572 Categories taxonomy: category; Tags taxonomy: post_tag; Models taxonomy: -; Sources taxonomy: kvs_source
14:06:36.262607 Filter applied on categories: Pop Music, Metal Music
14:06:36.262617 Feed locale set: all
14:06:36.262624 Batch limit set: 0
14:06:36.262631 Last video ID: 1029
14:06:36.262673 Retrieving videos feed: https://www.kvs-demo.com/admin/feeds/test/?feed_format=json&sorting=video_id+asc&start=1030&screenshot_format=320x180
14:06:36.706591 Empty videos feed returned
14:06:36.724460 Feed processing finished
14:06:37.285707 Videos import/update started in silent mode
14:06:37.286708 Categories taxonomy: category; Tags taxonomy: post_tag; Models taxonomy: -; Sources taxonomy: kvs_source
14:06:37.286743 Filter applied on categories: Pop Music, Metal Music
14:06:37.286753 Feed locale set: all
14:06:37.286760 Batch limit set: 0
14:06:37.286766 Last video ID: 1029
14:06:37.286800 Retrieving videos feed: https://www.kvs-demo.com/admin/feeds/test/?feed_format=json&sorting=video_id+asc&start=1030&screenshot_format=320x180
14:06:37.754294 Empty videos feed returned
14:06:37.773342 Feed processing finished
14:06:38.311434 Videos import/update started in silent mode
14:06:38.312345 Categories taxonomy: category; Tags taxonomy: post_tag; Models taxonomy: -; Sources taxonomy: kvs_source
14:06:38.312427 Filter applied on categories: Pop Music, Metal Music
14:06:38.312447 Feed locale set: all
14:06:38.312462 Batch limit set: 0
14:06:38.312474 Last video ID: 1029
14:06:38.312560 Retrieving videos feed: https://www.kvs-demo.com/admin/feeds/test/?feed_format=json&sorting=video_id+asc&start=1030&screenshot_format=320x180
14:06:38.740768 Empty videos feed returned
14:06:38.793757 Feed processing finished
14:06:39.435913 Videos import/update started in silent mode
14:06:39.437087 Categories taxonomy: category; Tags taxonomy: post_tag; Models taxonomy: -; Sources taxonomy: kvs_source
14:06:39.437121 Filter applied on categories: Pop Music, Metal Music
14:06:39.437131 Feed locale set: all
14:06:39.437138 Batch limit set: 0
14:06:39.437144 Last video ID: 1029
14:06:39.437177 Retrieving videos feed: https://www.kvs-demo.com/admin/feeds/test/?feed_format=json&sorting=video_id+asc&start=1030&screenshot_format=320x180
14:06:39.836106 Empty videos feed returned
14:06:39.860763 Feed processing finished
14:06:40.434769 Videos import/update started in silent mode
14:06:40.435721 Categories taxonomy: category; Tags taxonomy: post_tag; Models taxonomy: -; Sources taxonomy: kvs_source
14:06:40.435756 Filter applied on categories: Pop Music, Metal Music
14:06:40.435766 Feed locale set: all
14:06:40.435775 Batch limit set: 0
14:06:40.435782 Last video ID: 1029
14:06:40.435836 Retrieving videos feed: https://www.kvs-demo.com/admin/feeds/test/?feed_format=json&sorting=video_id+asc&start=1030&screenshot_format=320x180
14:06:40.923597 Empty videos feed returned
14:06:40.942304 Feed processing finished
14:06:41.458086 Videos import/update started in silent mode
14:06:41.459260 Categories taxonomy: category; Tags taxonomy: post_tag; Models taxonomy: -; Sources taxonomy: kvs_source
14:06:41.459327 Filter applied on categories: Pop Music, Metal Music
14:06:41.459337 Feed locale set: all
14:06:41.459345 Batch limit set: 0
14:06:41.459351 Last video ID: 1029
14:06:41.459417 Retrieving videos feed: https://www.kvs-demo.com/admin/feeds/test/?feed_format=json&sorting=video_id+asc&start=1030&screenshot_format=320x180
14:06:41.735899 Empty videos feed returned
14:06:41.756591 Feed processing finished
14:06:42.496592 Retrieving deleted videos: https://www.kvs-demo.com/admin/feeds/test/?action=get_deleted_ids&days=1
14:06:42.373467 0 videos marked as deleted
14:06:42.410892 Videos import/update started in silent mode
14:06:42.410938 Categories taxonomy: category; Tags taxonomy: post_tag; Models taxonomy: -; Sources taxonomy: kvs_source
14:06:42.410960 Filter applied on categories: Pop Music, Metal Music
14:06:42.410970 Feed locale set: all
14:06:42.410979 Batch limit set: 0
14:06:42.411023 Last video ID: 1029
14:06:42.411068 Retrieving videos feed: https://www.kvs-demo.com/admin/feeds/test/?feed_format=json&sorting=video_id+asc&start=1030&screenshot_format=320x180
14:06:42.102866 Empty videos feed returned
14:06:42.125391 Feed processing finished
14:06:43.499979 Videos import/update started in silent mode
14:06:43.500721 Categories taxonomy: category; Tags taxonomy: post_tag; Models taxonomy: -; Sources taxonomy: kvs_source
14:06:43.500753 Filter applied on categories: Pop Music, Metal Music
14:06:43.500763 Feed locale set: all
14:06:43.500771 Batch limit set: 0
14:06:43.500777 Last video ID: 1029
14:06:43.500811 Retrieving videos feed: https://www.kvs-demo.com/admin/feeds/test/?feed_format=json&sorting=video_id+asc&start=1030&screenshot_format=320x180
14:06:43.281188 Empty videos feed returned
14:06:43.299904 Feed processing finished
14:06:44.520010 Videos import/update started in silent mode
14:06:44.520742 Categories taxonomy: category; Tags taxonomy: post_tag; Models taxonomy: -; Sources taxonomy: kvs_source
14:06:44.520787 Filter applied on categories: Pop Music, Metal Music
14:06:44.520800 Feed locale set: all
14:06:44.520809 Batch limit set: 0
14:06:44.520816 Last video ID: 1029
14:06:44.520852 Retrieving videos feed: https://www.kvs-demo.com/admin/feeds/test/?feed_format=json&sorting=video_id+asc&start=1030&screenshot_format=320x180
14:06:44.881665 Empty videos feed returned
14:06:44.901051 Feed processing finished
14:06:45.556182 Videos import/update started in silent mode
14:06:45.557040 Categories taxonomy: category; Tags taxonomy: post_tag; Models taxonomy: -; Sources taxonomy: kvs_source
14:06:45.557082 Filter applied on categories: Pop Music, Metal Music
14:06:45.557098 Feed locale set: all
14:06:45.557110 Batch limit set: 0
14:06:45.557120 Last video ID: 1029
14:06:45.557167 Retrieving videos feed: https://www.kvs-demo.com/admin/feeds/test/?feed_format=json&sorting=video_id+asc&start=1030&screenshot_format=320x180
14:06:45.174487 Empty videos feed returned
14:06:45.194709 Feed processing finished
14:06:46.572664 Videos import/update started in silent mode
14:06:46.573638 Categories taxonomy: category; Tags taxonomy: post_tag; Models taxonomy: -; Sources taxonomy: kvs_source
14:06:46.573688 Filter applied on categories: Pop Music, Metal Music
14:06:46.573699 Feed locale set: all
14:06:46.573711 Batch limit set: 0
14:06:46.573718 Last video ID: 1029
14:06:46.573752 Retrieving videos feed: https://www.kvs-demo.com/admin/feeds/test/?feed_format=json&sorting=video_id+asc&start=1030&screenshot_format=320x180
14:06:46.331758 Empty videos feed returned
14:06:46.354541 Feed processing finished
14:06:47.619064 Videos import/update started in silent mode
14:06:47.619771 Categories taxonomy: category; Tags taxonomy: post_tag; Models taxonomy: -; Sources taxonomy: kvs_source
14:06:47.619810 Filter applied on categories: Pop Music, Metal Music
14:06:47.619822 Feed locale set: all
14:06:47.619831 Batch limit set: 0
14:06:47.619839 Last video ID: 1029
14:06:47.619874 Retrieving videos feed: https://www.kvs-demo.com/admin/feeds/test/?feed_format=json&sorting=video_id+asc&start=1030&screenshot_format=320x180
14:06:47.422657 Empty videos feed returned
14:06:47.442108 Feed processing finished
14:06:48.629770 Videos import/update started in silent mode
14:06:48.630485 Categories taxonomy: category; Tags taxonomy: post_tag; Models taxonomy: -; Sources taxonomy: kvs_source
14:06:48.630518 Filter applied on categories: Pop Music, Metal Music
14:06:48.630529 Feed locale set: all
14:06:48.630538 Batch limit set: 0
14:06:48.630545 Last video ID: 1029
14:06:48.630580 Retrieving videos feed: https://www.kvs-demo.com/admin/feeds/test/?feed_format=json&sorting=video_id+asc&start=1030&screenshot_format=320x180
14:06:48.197954 Empty videos feed returned
14:06:48.218757 Feed processing finished
14:06:49.675104 Videos import/update started in silent mode
14:06:49.676530 Categories taxonomy: category; Tags taxonomy: post_tag; Models taxonomy: -; Sources taxonomy: kvs_source
14:06:49.676586 Filter applied on categories: Pop Music, Metal Music
14:06:49.676609 Feed locale set: all
14:06:49.676627 Batch limit set: 0
14:06:49.676648 Last video ID: 1029
14:06:49.676689 Retrieving videos feed: https://www.kvs-demo.com/admin/feeds/test/?feed_format=json&sorting=video_id+asc&start=1030&screenshot_format=320x180
14:06:49.916562 Empty videos feed returned
14:06:49.935288 Feed processing finished
14:06:50.672925 Videos import/update started in silent mode
14:06:50.674025 Categories taxonomy: category; Tags taxonomy: post_tag; Models taxonomy: -; Sources taxonomy: kvs_source
14:06:50.674059 Filter applied on categories: Pop Music, Metal Music
14:06:50.674069 Feed locale set: all
14:06:50.674076 Batch limit set: 0
14:06:50.674083 Last video ID: 1029
14:06:50.674116 Retrieving videos feed: https://www.kvs-demo.com/admin/feeds/test/?feed_format=json&sorting=video_id+asc&start=1030&screenshot_format=320x180
14:06:50.373912 Empty videos feed returned
14:06:50.393548 Feed processing finished
14:06:51.855313 Videos import/update started in silent mode
14:06:51.856072 Categories taxonomy: category; Tags taxonomy: post_tag; Models taxonomy: -; Sources taxonomy: kvs_source
14:06:51.856200 Filter applied on categories: Pop Music, Metal Music
14:06:51.856215 Feed locale set: all
14:06:51.856237 Batch limit set: 0
14:06:51.856245 Last video ID: 1029
14:06:51.856287 Retrieving videos feed: https://www.kvs-demo.com/admin/feeds/test/?feed_format=json&sorting=video_id+asc&start=1030&screenshot_format=320x180
14:06:51.430594 Empty videos feed returned
14:06:51.467006 Feed processing finished
14:06:52.761546 Videos import/update started in silent mode
14:06:52.762429 Categories taxonomy: category; Tags taxonomy: post_tag; Models taxonomy: -; Sources taxonomy: kvs_source
14:06:52.762529 Filter applied on categories: Pop Music, Metal Music
14:06:52.762554 Feed locale set: all
14:06:52.762569 Batch limit set: 0
14:06:52.762583 Last video ID: 1029
14:06:52.762657 Retrieving videos feed: https://www.kvs-demo.com/admin/feeds/test/?feed_format=json&sorting=video_id+asc&start=1030&screenshot_format=320x180
14:06:52.245756 Empty videos feed returned
14:06:52.264689 Feed processing finished
14:06:53.242901 Videos import/update started in silent mode
14:06:53.248044 Categories taxonomy: category; Tags taxonomy: post_tag; Models taxonomy: -; Sources taxonomy: kvs_source
14:06:53.248110 Filter applied on categories: Pop Music, Metal Music
14:06:53.248131 Feed locale set: all
14:06:53.248145 Batch limit set: 0
14:06:53.248158 Last video ID: 1029
14:06:53.248214 Retrieving videos feed: https://www.kvs-demo.com/admin/feeds/test/?feed_format=json&sorting=video_id+asc&start=1030&screenshot_format=320x180
14:06:53.773121 Empty videos feed returned
14:06:53.793097 Feed processing finished
14:06:54.837634 Videos import/update started in silent mode
14:06:54.838869 Categories taxonomy: category; Tags taxonomy: post_tag; Models taxonomy: -; Sources taxonomy: kvs_source
14:06:54.838912 Filter applied on categories: Pop Music, Metal Music
14:06:54.838925 Feed locale set: all
14:06:54.838934 Batch limit set: 0
14:06:54.838941 Last video ID: 1029
14:06:54.839014 Retrieving videos feed: https://www.kvs-demo.com/admin/feeds/test/?feed_format=json&sorting=video_id+asc&start=1030&screenshot_format=320x180
14:06:54.081597 Empty videos feed returned
14:06:54.106577 Feed processing finished
14:06:55.877917 Videos import/update started in silent mode
14:06:55.881813 Categories taxonomy: category; Tags taxonomy: post_tag; Models taxonomy: -; Sources taxonomy: kvs_source
14:06:55.881873 Filter applied on categories: Pop Music, Metal Music
14:06:55.881905 Feed locale set: all
14:06:55.881935 Batch limit set: 0
14:06:55.881964 Last video ID: 1029
14:06:55.882031 Retrieving videos feed: https://www.kvs-demo.com/admin/feeds/test/?feed_format=json&sorting=video_id+asc&start=1030&screenshot_format=320x180
14:06:55.378555 Empty videos feed returned
14:06:55.408435 Feed processing finished
14:06:56.896718 Videos import/update started in silent mode
14:06:56.897750 Categories taxonomy: category; Tags taxonomy: post_tag; Models taxonomy: -; Sources taxonomy: kvs_source
14:06:56.897817 Filter applied on categories: Pop Music, Metal Music
14:06:56.897828 Feed locale set: all
14:06:56.897836 Batch limit set: 0
14:06:56.897842 Last video ID: 1029
14:06:56.897877 Retrieving videos feed: https://www.kvs-demo.com/admin/feeds/test/?feed_format=json&sorting=video_id+asc&start=1030&screenshot_format=320x180
14:06:56.806863 Empty videos feed returned
14:06:56.829607 Feed processing finished
14:06:57.897209 Videos import/update started in silent mode
14:06:57.898020 Categories taxonomy: category; Tags taxonomy: post_tag; Models taxonomy: -; Sources taxonomy: kvs_source
14:06:57.898085 Filter applied on categories: Pop Music, Metal Music
14:06:57.898097 Feed locale set: all
14:06:57.898106 Batch limit set: 0
14:06:57.898113 Last video ID: 1029
14:06:57.898149 Retrieving videos feed: https://www.kvs-demo.com/admin/feeds/test/?feed_format=json&sorting=video_id+asc&start=1030&screenshot_format=320x180
14:06:57.399216 Empty videos feed returned
14:06:57.428596 Feed processing finished
14:06:58.929265 Videos import/update started in silent mode
14:06:58.930087 Categories taxonomy: category; Tags taxonomy: post_tag; Models taxonomy: -; Sources taxonomy: kvs_source
14:06:58.930120 Filter applied on categories: Pop Music, Metal Music
14:06:58.930132 Feed locale set: all
14:06:58.930140 Batch limit set: 0
14:06:58.930147 Last video ID: 1029
14:06:58.930182 Retrieving videos feed: https://www.kvs-demo.com/admin/feeds/test/?feed_format=json&sorting=video_id+asc&start=1030&screenshot_format=320x180
14:06:58.035860 Empty videos feed returned
14:06:58.058231 Feed processing finished
14:06:59.984794 Videos import/update started in silent mode
14:06:59.985540 Categories taxonomy: category; Tags taxonomy: post_tag; Models taxonomy: -; Sources taxonomy: kvs_source
14:06:59.985578 Filter applied on categories: Pop Music, Metal Music
14:06:59.985593 Feed locale set: all
14:06:59.985604 Batch limit set: 0
14:06:59.985614 Last video ID: 1029
14:06:59.985658 Retrieving videos feed: https://www.kvs-demo.com/admin/feeds/test/?feed_format=json&sorting=video_id+asc&start=1030&screenshot_format=320x180
14:06:59.421747 Empty videos feed returned
14:06:59.443444 Feed processing finished
15:06:00.022236 Videos import/update started in silent mode
15:06:00.023201 Categories taxonomy: category; Tags taxonomy: post_tag; Models taxonomy: -; Sources taxonomy: kvs_source
15:06:00.023246 Filter applied on categories: Pop Music, Metal Music
15:06:00.023257 Feed locale set: all
15:06:00.023265 Batch limit set: 0
15:06:00.023272 Last video ID: 1029
15:06:00.023307 Retrieving videos feed: https://www.kvs-demo.com/admin/feeds/test/?feed_format=json&sorting=video_id+asc&start=1030&screenshot_format=320x180
15:06:00.757067 Empty videos feed returned
15:06:00.777219 Feed processing finished
15:06:01.011033 Videos import/update started in silent mode
15:06:01.011892 Categories taxonomy: category; Tags taxonomy: post_tag; Models taxonomy: -; Sources taxonomy: kvs_source
15:06:01.011927 Filter applied on categories: Pop Music, Metal Music
15:06:01.011937 Feed locale set: all
15:06:01.011945 Batch limit set: 0
15:06:01.011951 Last video ID: 1029
15:06:01.011985 Retrieving videos feed: https://www.kvs-demo.com/admin/feeds/test/?feed_format=json&sorting=video_id+asc&start=1030&screenshot_format=320x180
15:06:01.240087 Empty videos feed returned
15:06:01.259691 Feed processing finished
15:06:02.036684 Videos import/update started in silent mode
15:06:02.037521 Categories taxonomy: category; Tags taxonomy: post_tag; Models taxonomy: -; Sources taxonomy: kvs_source
15:06:02.037558 Filter applied on categories: Pop Music, Metal Music
15:06:02.037569 Feed locale set: all
15:06:02.037577 Batch limit set: 0
15:06:02.037584 Last video ID: 1029
15:06:02.037619 Retrieving videos feed: https://www.kvs-demo.com/admin/feeds/test/?feed_format=json&sorting=video_id+asc&start=1030&screenshot_format=320x180
15:06:02.580713 Empty videos feed returned
15:06:02.601221 Feed processing finished
15:06:03.079447 Videos import/update started in silent mode
15:06:03.080716 Categories taxonomy: category; Tags taxonomy: post_tag; Models taxonomy: -; Sources taxonomy: kvs_source
15:06:03.080806 Filter applied on categories: Pop Music, Metal Music
15:06:03.080968 Feed locale set: all
15:06:03.080989 Batch limit set: 0
15:06:03.081003 Last video ID: 1029
15:06:03.081068 Retrieving videos feed: https://www.kvs-demo.com/admin/feeds/test/?feed_format=json&sorting=video_id+asc&start=1030&screenshot_format=320x180
15:06:03.531478 Empty videos feed returned
15:06:03.554465 Feed processing finished
15:06:04.094330 Videos import/update started in silent mode
15:06:04.095264 Categories taxonomy: category; Tags taxonomy: post_tag; Models taxonomy: -; Sources taxonomy: kvs_source
15:06:04.095296 Filter applied on categories: Pop Music, Metal Music
15:06:04.095306 Feed locale set: all
15:06:04.095313 Batch limit set: 0
15:06:04.095319 Last video ID: 1029
15:06:04.095352 Retrieving videos feed: https://www.kvs-demo.com/admin/feeds/test/?feed_format=json&sorting=video_id+asc&start=1030&screenshot_format=320x180
15:06:04.757020 Empty videos feed returned
15:06:04.784960 Feed processing finished
15:06:05.158724 Videos import/update started in silent mode
15:06:05.159701 Categories taxonomy: category; Tags taxonomy: post_tag; Models taxonomy: -; Sources taxonomy: kvs_source
15:06:05.159775 Filter applied on categories: Pop Music, Metal Music
15:06:05.159816 Feed locale set: all
15:06:05.159846 Batch limit set: 0
15:06:05.159874 Last video ID: 1029
15:06:05.159990 Retrieving videos feed: https://www.kvs-demo.com/admin/feeds/test/?feed_format=json&sorting=video_id+asc&start=1030&screenshot_format=320x180
15:06:05.628617 Empty videos feed returned
15:06:05.658645 Feed processing finished
15:06:06.152288 Videos import/update started in silent mode
15:06:06.153235 Categories taxonomy: category; Tags taxonomy: post_tag; Models taxonomy: -; Sources taxonomy: kvs_source
15:06:06.153269 Filter applied on categories: Pop Music, Metal Music
15:06:06.153279 Feed locale set: all
15:06:06.153286 Batch limit set: 0
15:06:06.153292 Last video ID: 1029
15:06:06.153326 Retrieving videos feed: https://www.kvs-demo.com/admin/feeds/test/?feed_format=json&sorting=video_id+asc&start=1030&screenshot_format=320x180
15:06:06.629571 Empty videos feed returned
15:06:06.650547 Feed processing finished
15:06:07.164431 Videos import/update started in silent mode
15:06:07.165667 Categories taxonomy: category; Tags taxonomy: post_tag; Models taxonomy: -; Sources taxonomy: kvs_source
15:06:07.165707 Filter applied on categories: Pop Music, Metal Music
15:06:07.165718 Feed locale set: all
15:06:07.165726 Batch limit set: 0
15:06:07.165748 Last video ID: 1029
15:06:07.165784 Retrieving videos feed: https://www.kvs-demo.com/admin/feeds/test/?feed_format=json&sorting=video_id+asc&start=1030&screenshot_format=320x180
15:06:07.461994 Empty videos feed returned
15:06:07.482293 Feed processing finished
15:06:08.212258 Videos import/update started in silent mode
15:06:08.212953 Categories taxonomy: category; Tags taxonomy: post_tag; Models taxonomy: -; Sources taxonomy: kvs_source
15:06:08.212985 Filter applied on categories: Pop Music, Metal Music
15:06:08.212996 Feed locale set: all
15:06:08.213004 Batch limit set: 0
15:06:08.213012 Last video ID: 1029
15:06:08.213047 Retrieving videos feed: https://www.kvs-demo.com/admin/feeds/test/?feed_format=json&sorting=video_id+asc&start=1030&screenshot_format=320x180
15:06:08.554111 Empty videos feed returned
15:06:08.578725 Feed processing finished
15:06:09.350543 Videos import/update started in silent mode
15:06:09.351724 Categories taxonomy: category; Tags taxonomy: post_tag; Models taxonomy: -; Sources taxonomy: kvs_source
15:06:09.351786 Filter applied on categories: Pop Music, Metal Music
15:06:09.351800 Feed locale set: all
15:06:09.351808 Batch limit set: 0
15:06:09.351814 Last video ID: 1029
15:06:09.351849 Retrieving videos feed: https://www.kvs-demo.com/admin/feeds/test/?feed_format=json&sorting=video_id+asc&start=1030&screenshot_format=320x180
15:06:09.672205 Empty videos feed returned
15:06:09.735134 Feed processing finished
